2025-02-03 01:42:02,543 - learning - INFO - Mean Success rate per episode: 0.00%
2025-02-03 01:42:02,543 - learning - INFO - Mean subgoals success rate per episode: 0.00%
2025-02-03 01:42:02,543 - learning - INFO - Mean episode reward shaping per episode: -322.75
2025-02-03 01:42:02,543 - learning - INFO - Mean episode collision penalty per episode: 0.00
2025-02-03 01:42:02,543 - learning - INFO - Mean episode number of collisions per episode: 0.00
2025-02-03 01:42:02,543 - learning - INFO - Eval num_timesteps=10000, mean episode reward=-322.75 +/- 0.79
2025-02-03 01:42:02,543 - learning - INFO - Min episode reward: -324.188494, Max episode reward: -322.022195
2025-02-03 01:42:02,543 - learning - INFO - Episode length: 100.00 +/- 0.00
2025-02-03 01:42:02,543 - learning - INFO - Min episode length: 100, Max episode length: 100
2025-02-03 01:42:02,545 - learning - INFO - New best mean reward!
2025-02-03 01:53:28,041 - learning - INFO - Mean Success rate per episode: 0.00%
2025-02-03 01:53:28,041 - learning - INFO - Mean subgoals success rate per episode: 0.00%
2025-02-03 01:53:28,041 - learning - INFO - Mean episode reward shaping per episode: -323.02
2025-02-03 01:53:28,041 - learning - INFO - Mean episode collision penalty per episode: 0.00
2025-02-03 01:53:28,041 - learning - INFO - Mean episode number of collisions per episode: 0.00
2025-02-03 01:53:28,041 - learning - INFO - Eval num_timesteps=20000, mean episode reward=-323.02 +/- 1.91
2025-02-03 01:53:28,041 - learning - INFO - Min episode reward: -326.738762, Max episode reward: -321.419496
2025-02-03 01:53:28,041 - learning - INFO - Episode length: 100.00 +/- 0.00
2025-02-03 01:53:28,041 - learning - INFO - Min episode length: 100, Max episode length: 100
2025-02-03 02:04:20,491 - learning - INFO - Mean Success rate per episode: 0.00%
2025-02-03 02:04:20,491 - learning - INFO - Mean subgoals success rate per episode: 0.00%
2025-02-03 02:04:20,491 - learning - INFO - Mean episode reward shaping per episode: -314.71
2025-02-03 02:04:20,491 - learning - INFO - Mean episode collision penalty per episode: 0.00
2025-02-03 02:04:20,491 - learning - INFO - Mean episode number of collisions per episode: 0.00
2025-02-03 02:04:20,491 - learning - INFO - Eval num_timesteps=30000, mean episode reward=-314.71 +/- 3.15
2025-02-03 02:04:20,491 - learning - INFO - Min episode reward: -320.705972, Max episode reward: -311.572581
2025-02-03 02:04:20,491 - learning - INFO - Episode length: 100.00 +/- 0.00
2025-02-03 02:04:20,492 - learning - INFO - Min episode length: 100, Max episode length: 100
2025-02-03 02:04:20,494 - learning - INFO - New best mean reward!
2025-02-03 02:16:22,182 - learning - INFO - Mean Success rate per episode: 0.00%
2025-02-03 02:16:22,182 - learning - INFO - Mean subgoals success rate per episode: 0.00%
2025-02-03 02:16:22,182 - learning - INFO - Mean episode reward shaping per episode: -317.96
2025-02-03 02:16:22,182 - learning - INFO - Mean episode collision penalty per episode: 0.00
2025-02-03 02:16:22,182 - learning - INFO - Mean episode number of collisions per episode: 0.00
2025-02-03 02:16:22,182 - learning - INFO - Eval num_timesteps=40000, mean episode reward=-317.96 +/- 3.49
2025-02-03 02:16:22,182 - learning - INFO - Min episode reward: -321.400326, Max episode reward: -312.478431
2025-02-03 02:16:22,182 - learning - INFO - Episode length: 100.00 +/- 0.00
2025-02-03 02:16:22,182 - learning - INFO - Min episode length: 100, Max episode length: 100
2025-02-03 02:28:05,185 - learning - INFO - Mean Success rate per episode: 0.00%
2025-02-03 02:28:05,185 - learning - INFO - Mean subgoals success rate per episode: 0.00%
2025-02-03 02:28:05,185 - learning - INFO - Mean episode reward shaping per episode: -319.76
2025-02-03 02:28:05,185 - learning - INFO - Mean episode collision penalty per episode: 0.00
2025-02-03 02:28:05,185 - learning - INFO - Mean episode number of collisions per episode: 0.00
2025-02-03 02:28:05,185 - learning - INFO - Eval num_timesteps=50000, mean episode reward=-319.76 +/- 1.20
2025-02-03 02:28:05,185 - learning - INFO - Min episode reward: -321.099734, Max episode reward: -317.745917
2025-02-03 02:28:05,185 - learning - INFO - Episode length: 100.00 +/- 0.00
2025-02-03 02:28:05,185 - learning - INFO - Min episode length: 100, Max episode length: 100
2025-02-03 02:38:58,076 - learning - INFO - Mean Success rate per episode: 0.00%
2025-02-03 02:38:58,076 - learning - INFO - Mean subgoals success rate per episode: 0.00%
2025-02-03 02:38:58,076 - learning - INFO - Mean episode reward shaping per episode: -321.27
2025-02-03 02:38:58,076 - learning - INFO - Mean episode collision penalty per episode: 0.00
2025-02-03 02:38:58,076 - learning - INFO - Mean episode number of collisions per episode: 0.00
2025-02-03 02:38:58,076 - learning - INFO - Eval num_timesteps=60000, mean episode reward=-321.27 +/- 5.26
2025-02-03 02:38:58,076 - learning - INFO - Min episode reward: -328.917661, Max episode reward: -315.450709
2025-02-03 02:38:58,076 - learning - INFO - Episode length: 100.00 +/- 0.00
2025-02-03 02:38:58,076 - learning - INFO - Min episode length: 100, Max episode length: 100
2025-02-03 02:50:02,166 - learning - INFO - Mean Success rate per episode: 0.00%
2025-02-03 02:50:02,166 - learning - INFO - Mean subgoals success rate per episode: 0.00%
2025-02-03 02:50:02,166 - learning - INFO - Mean episode reward shaping per episode: -319.83
2025-02-03 02:50:02,166 - learning - INFO - Mean episode collision penalty per episode: 0.00
2025-02-03 02:50:02,166 - learning - INFO - Mean episode number of collisions per episode: 0.00
2025-02-03 02:50:02,166 - learning - INFO - Eval num_timesteps=70000, mean episode reward=-319.83 +/- 4.92
2025-02-03 02:50:02,166 - learning - INFO - Min episode reward: -325.812717, Max episode reward: -314.287389
2025-02-03 02:50:02,166 - learning - INFO - Episode length: 100.00 +/- 0.00
2025-02-03 02:50:02,166 - learning - INFO - Min episode length: 100, Max episode length: 100
2025-02-03 03:01:56,619 - learning - INFO - Mean Success rate per episode: 0.00%
2025-02-03 03:01:56,619 - learning - INFO - Mean subgoals success rate per episode: 0.00%
2025-02-03 03:01:56,619 - learning - INFO - Mean episode reward shaping per episode: -314.92
2025-02-03 03:01:56,619 - learning - INFO - Mean episode collision penalty per episode: 0.00
2025-02-03 03:01:56,619 - learning - INFO - Mean episode number of collisions per episode: 0.00
2025-02-03 03:01:56,619 - learning - INFO - Eval num_timesteps=80000, mean episode reward=-314.92 +/- 2.64
2025-02-03 03:01:56,619 - learning - INFO - Min episode reward: -317.540372, Max episode reward: -310.299061
2025-02-03 03:01:56,619 - learning - INFO - Episode length: 100.00 +/- 0.00
2025-02-03 03:01:56,619 - learning - INFO - Min episode length: 100, Max episode length: 100
2025-02-03 03:13:37,175 - learning - INFO - Mean Success rate per episode: 0.00%
2025-02-03 03:13:37,175 - learning - INFO - Mean subgoals success rate per episode: 0.00%
2025-02-03 03:13:37,175 - learning - INFO - Mean episode reward shaping per episode: -320.07
2025-02-03 03:13:37,175 - learning - INFO - Mean episode collision penalty per episode: 0.00
2025-02-03 03:13:37,175 - learning - INFO - Mean episode number of collisions per episode: 0.00
2025-02-03 03:13:37,175 - learning - INFO - Eval num_timesteps=90000, mean episode reward=-320.07 +/- 3.80
2025-02-03 03:13:37,175 - learning - INFO - Min episode reward: -325.292294, Max episode reward: -315.469087
2025-02-03 03:13:37,175 - learning - INFO - Episode length: 100.00 +/- 0.00
2025-02-03 03:13:37,175 - learning - INFO - Min episode length: 100, Max episode length: 100
2025-02-03 03:25:35,974 - learning - INFO - Mean Success rate per episode: 0.00%
2025-02-03 03:25:35,974 - learning - INFO - Mean subgoals success rate per episode: 0.00%
2025-02-03 03:25:35,974 - learning - INFO - Mean episode reward shaping per episode: -316.73
2025-02-03 03:25:35,974 - learning - INFO - Mean episode collision penalty per episode: 0.00
2025-02-03 03:25:35,974 - learning - INFO - Mean episode number of collisions per episode: 0.00
2025-02-03 03:25:35,974 - learning - INFO - Eval num_timesteps=100000, mean episode reward=-316.73 +/- 1.08
2025-02-03 03:25:35,974 - learning - INFO - Min episode reward: -317.965603, Max episode reward: -315.091415
2025-02-03 03:25:35,974 - learning - INFO - Episode length: 100.00 +/- 0.00
2025-02-03 03:25:35,974 - learning - INFO - Min episode length: 100, Max episode length: 100
2025-02-03 03:37:22,804 - learning - INFO - Mean Success rate per episode: 0.00%
2025-02-03 03:37:22,804 - learning - INFO - Mean subgoals success rate per episode: 0.00%
2025-02-03 03:37:22,804 - learning - INFO - Mean episode reward shaping per episode: -313.81
2025-02-03 03:37:22,804 - learning - INFO - Mean episode collision penalty per episode: 0.00
2025-02-03 03:37:22,804 - learning - INFO - Mean episode number of collisions per episode: 0.00
2025-02-03 03:37:22,804 - learning - INFO - Eval num_timesteps=110000, mean episode reward=-313.81 +/- 2.05
2025-02-03 03:37:22,804 - learning - INFO - Min episode reward: -315.651598, Max episode reward: -310.91262
2025-02-03 03:37:22,804 - learning - INFO - Episode length: 100.00 +/- 0.00
2025-02-03 03:37:22,804 - learning - INFO - Min episode length: 100, Max episode length: 100
2025-02-03 03:37:22,805 - learning - INFO - New best mean reward!
2025-02-03 03:50:25,738 - learning - INFO - Mean Success rate per episode: 0.00%
2025-02-03 03:50:25,738 - learning - INFO - Mean subgoals success rate per episode: 0.00%
2025-02-03 03:50:25,738 - learning - INFO - Mean episode reward shaping per episode: -313.66
2025-02-03 03:50:25,738 - learning - INFO - Mean episode collision penalty per episode: 0.00
2025-02-03 03:50:25,738 - learning - INFO - Mean episode number of collisions per episode: 0.00
2025-02-03 03:50:25,738 - learning - INFO - Eval num_timesteps=120000, mean episode reward=-313.66 +/- 5.74
2025-02-03 03:50:25,738 - learning - INFO - Min episode reward: -324.771254, Max episode reward: -308.542565
2025-02-03 03:50:25,738 - learning - INFO - Episode length: 100.00 +/- 0.00
2025-02-03 03:50:25,738 - learning - INFO - Min episode length: 100, Max episode length: 100
2025-02-03 03:50:25,739 - learning - INFO - New best mean reward!
2025-02-03 04:03:13,753 - learning - INFO - Mean Success rate per episode: 0.00%
2025-02-03 04:03:13,753 - learning - INFO - Mean subgoals success rate per episode: 0.00%
2025-02-03 04:03:13,753 - learning - INFO - Mean episode reward shaping per episode: -312.60
2025-02-03 04:03:13,753 - learning - INFO - Mean episode collision penalty per episode: 0.00
2025-02-03 04:03:13,753 - learning - INFO - Mean episode number of collisions per episode: 0.00
2025-02-03 04:03:13,753 - learning - INFO - Eval num_timesteps=130000, mean episode reward=-312.60 +/- 0.90
2025-02-03 04:03:13,754 - learning - INFO - Min episode reward: -314.024959, Max episode reward: -311.192704
2025-02-03 04:03:13,754 - learning - INFO - Episode length: 100.00 +/- 0.00
2025-02-03 04:03:13,754 - learning - INFO - Min episode length: 100, Max episode length: 100
2025-02-03 04:03:13,756 - learning - INFO - New best mean reward!
2025-02-03 04:16:04,228 - learning - INFO - Mean Success rate per episode: 0.00%
2025-02-03 04:16:04,228 - learning - INFO - Mean subgoals success rate per episode: 0.00%
2025-02-03 04:16:04,228 - learning - INFO - Mean episode reward shaping per episode: -315.69
2025-02-03 04:16:04,228 - learning - INFO - Mean episode collision penalty per episode: 0.00
2025-02-03 04:16:04,228 - learning - INFO - Mean episode number of collisions per episode: 0.00
2025-02-03 04:16:04,228 - learning - INFO - Eval num_timesteps=140000, mean episode reward=-315.69 +/- 8.76
2025-02-03 04:16:04,228 - learning - INFO - Min episode reward: -332.583426, Max episode reward: -308.753889
2025-02-03 04:16:04,229 - learning - INFO - Episode length: 100.00 +/- 0.00
2025-02-03 04:16:04,229 - learning - INFO - Min episode length: 100, Max episode length: 100
2025-02-03 04:29:16,690 - learning - INFO - Mean Success rate per episode: 0.00%
2025-02-03 04:29:16,690 - learning - INFO - Mean subgoals success rate per episode: 0.00%
2025-02-03 04:29:16,690 - learning - INFO - Mean episode reward shaping per episode: -308.67
2025-02-03 04:29:16,690 - learning - INFO - Mean episode collision penalty per episode: 0.00
2025-02-03 04:29:16,690 - learning - INFO - Mean episode number of collisions per episode: 0.00
2025-02-03 04:29:16,691 - learning - INFO - Eval num_timesteps=150000, mean episode reward=-308.67 +/- 0.96
2025-02-03 04:29:16,691 - learning - INFO - Min episode reward: -309.5319, Max episode reward: -306.90883
2025-02-03 04:29:16,691 - learning - INFO - Episode length: 100.00 +/- 0.00
2025-02-03 04:29:16,691 - learning - INFO - Min episode length: 100, Max episode length: 100
2025-02-03 04:29:16,693 - learning - INFO - New best mean reward!
2025-02-03 04:42:26,970 - learning - INFO - Mean Success rate per episode: 0.00%
2025-02-03 04:42:26,970 - learning - INFO - Mean subgoals success rate per episode: 0.00%
2025-02-03 04:42:26,970 - learning - INFO - Mean episode reward shaping per episode: -312.85
2025-02-03 04:42:26,970 - learning - INFO - Mean episode collision penalty per episode: 0.00
2025-02-03 04:42:26,970 - learning - INFO - Mean episode number of collisions per episode: 0.00
2025-02-03 04:42:26,970 - learning - INFO - Eval num_timesteps=160000, mean episode reward=-312.85 +/- 7.23
2025-02-03 04:42:26,970 - learning - INFO - Min episode reward: -327.148253, Max episode reward: -307.959359
2025-02-03 04:42:26,970 - learning - INFO - Episode length: 100.00 +/- 0.00
2025-02-03 04:42:26,970 - learning - INFO - Min episode length: 100, Max episode length: 100
2025-02-03 04:56:18,473 - learning - INFO - Mean Success rate per episode: 0.00%
2025-02-03 04:56:18,474 - learning - INFO - Mean subgoals success rate per episode: 0.00%
2025-02-03 04:56:18,474 - learning - INFO - Mean episode reward shaping per episode: -311.10
2025-02-03 04:56:18,474 - learning - INFO - Mean episode collision penalty per episode: 0.00
2025-02-03 04:56:18,474 - learning - INFO - Mean episode number of collisions per episode: 0.00
2025-02-03 04:56:18,474 - learning - INFO - Eval num_timesteps=170000, mean episode reward=-311.10 +/- 5.60
2025-02-03 04:56:18,474 - learning - INFO - Min episode reward: -321.873995, Max episode reward: -306.419426
2025-02-03 04:56:18,475 - learning - INFO - Episode length: 100.00 +/- 0.00
2025-02-03 04:56:18,475 - learning - INFO - Min episode length: 100, Max episode length: 100
2025-02-03 05:10:16,391 - learning - INFO - Mean Success rate per episode: 0.00%
2025-02-03 05:10:16,391 - learning - INFO - Mean subgoals success rate per episode: 40.00%
2025-02-03 05:10:16,391 - learning - INFO - Mean episode reward shaping per episode: -263.23
2025-02-03 05:10:16,391 - learning - INFO - Mean episode collision penalty per episode: 0.00
2025-02-03 05:10:16,391 - learning - INFO - Mean episode number of collisions per episode: 0.00
2025-02-03 05:10:16,391 - learning - INFO - Eval num_timesteps=180000, mean episode reward=-263.23 +/- 55.03
2025-02-03 05:10:16,391 - learning - INFO - Min episode reward: -309.408096, Max episode reward: -191.615154
2025-02-03 05:10:16,391 - learning - INFO - Episode length: 85.40 +/- 17.91
2025-02-03 05:10:16,391 - learning - INFO - Min episode length: 62, Max episode length: 100
2025-02-03 05:10:16,393 - learning - INFO - New best mean reward!
2025-02-03 05:23:57,202 - learning - INFO - Mean Success rate per episode: 0.00%
2025-02-03 05:23:57,202 - learning - INFO - Mean subgoals success rate per episode: 20.00%
2025-02-03 05:23:57,202 - learning - INFO - Mean episode reward shaping per episode: -295.18
2025-02-03 05:23:57,202 - learning - INFO - Mean episode collision penalty per episode: 0.00
2025-02-03 05:23:57,202 - learning - INFO - Mean episode number of collisions per episode: 0.00
2025-02-03 05:23:57,202 - learning - INFO - Eval num_timesteps=190000, mean episode reward=-295.18 +/- 25.08
2025-02-03 05:23:57,202 - learning - INFO - Min episode reward: -308.363437, Max episode reward: -245.031824
2025-02-03 05:23:57,202 - learning - INFO - Episode length: 95.80 +/- 8.40
2025-02-03 05:23:57,202 - learning - INFO - Min episode length: 79, Max episode length: 100
2025-02-03 05:37:13,921 - learning - INFO - Mean Success rate per episode: 0.00%
2025-02-03 05:37:13,921 - learning - INFO - Mean subgoals success rate per episode: 0.00%
2025-02-03 05:37:13,921 - learning - INFO - Mean episode reward shaping per episode: -308.92
2025-02-03 05:37:13,921 - learning - INFO - Mean episode collision penalty per episode: 0.00
2025-02-03 05:37:13,921 - learning - INFO - Mean episode number of collisions per episode: 0.00
2025-02-03 05:37:13,921 - learning - INFO - Eval num_timesteps=200000, mean episode reward=-308.92 +/- 3.45
2025-02-03 05:37:13,921 - learning - INFO - Min episode reward: -313.513847, Max episode reward: -305.872706
2025-02-03 05:37:13,921 - learning - INFO - Episode length: 100.00 +/- 0.00
2025-02-03 05:37:13,921 - learning - INFO - Min episode length: 100, Max episode length: 100
2025-02-03 05:51:12,904 - learning - INFO - Mean Success rate per episode: 0.00%
2025-02-03 05:51:12,905 - learning - INFO - Mean subgoals success rate per episode: 0.00%
2025-02-03 05:51:12,905 - learning - INFO - Mean episode reward shaping per episode: -308.95
2025-02-03 05:51:12,905 - learning - INFO - Mean episode collision penalty per episode: 0.00
2025-02-03 05:51:12,905 - learning - INFO - Mean episode number of collisions per episode: 0.00
2025-02-03 05:51:12,905 - learning - INFO - Eval num_timesteps=210000, mean episode reward=-308.95 +/- 1.40
2025-02-03 05:51:12,905 - learning - INFO - Min episode reward: -311.743921, Max episode reward: -308.10432
2025-02-03 05:51:12,905 - learning - INFO - Episode length: 100.00 +/- 0.00
2025-02-03 05:51:12,905 - learning - INFO - Min episode length: 100, Max episode length: 100
2025-02-03 06:04:26,497 - learning - INFO - Mean Success rate per episode: 0.00%
2025-02-03 06:04:26,497 - learning - INFO - Mean subgoals success rate per episode: 0.00%
2025-02-03 06:04:26,497 - learning - INFO - Mean episode reward shaping per episode: -310.54
2025-02-03 06:04:26,497 - learning - INFO - Mean episode collision penalty per episode: 0.00
2025-02-03 06:04:26,497 - learning - INFO - Mean episode number of collisions per episode: 0.00
2025-02-03 06:04:26,497 - learning - INFO - Eval num_timesteps=220000, mean episode reward=-310.54 +/- 1.14
2025-02-03 06:04:26,497 - learning - INFO - Min episode reward: -312.558636, Max episode reward: -309.026483
2025-02-03 06:04:26,497 - learning - INFO - Episode length: 100.00 +/- 0.00
2025-02-03 06:04:26,497 - learning - INFO - Min episode length: 100, Max episode length: 100
2025-02-03 06:16:57,239 - learning - INFO - Mean Success rate per episode: 0.00%
2025-02-03 06:16:57,239 - learning - INFO - Mean subgoals success rate per episode: 40.00%
2025-02-03 06:16:57,239 - learning - INFO - Mean episode reward shaping per episode: -244.03
2025-02-03 06:16:57,239 - learning - INFO - Mean episode collision penalty per episode: 0.00
2025-02-03 06:16:57,239 - learning - INFO - Mean episode number of collisions per episode: 0.00
2025-02-03 06:16:57,239 - learning - INFO - Eval num_timesteps=230000, mean episode reward=-244.03 +/- 78.80
2025-02-03 06:16:57,239 - learning - INFO - Min episode reward: -308.952655, Max episode reward: -144.480441
2025-02-03 06:16:57,239 - learning - INFO - Episode length: 79.20 +/- 25.48
2025-02-03 06:16:57,239 - learning - INFO - Min episode length: 47, Max episode length: 100
2025-02-03 06:16:57,241 - learning - INFO - New best mean reward!
2025-02-03 06:30:31,770 - learning - INFO - Mean Success rate per episode: 0.00%
2025-02-03 06:30:31,770 - learning - INFO - Mean subgoals success rate per episode: 20.00%
2025-02-03 06:30:31,771 - learning - INFO - Mean episode reward shaping per episode: -269.52
2025-02-03 06:30:31,771 - learning - INFO - Mean episode collision penalty per episode: 0.00
2025-02-03 06:30:31,771 - learning - INFO - Mean episode number of collisions per episode: 0.00
2025-02-03 06:30:31,771 - learning - INFO - Eval num_timesteps=240000, mean episode reward=-269.52 +/- 85.28
2025-02-03 06:30:31,771 - learning - INFO - Min episode reward: -317.998124, Max episode reward: -99.111091
2025-02-03 06:30:31,771 - learning - INFO - Episode length: 86.40 +/- 27.20
2025-02-03 06:30:31,771 - learning - INFO - Min episode length: 32, Max episode length: 100
2025-02-03 06:44:36,092 - learning - INFO - Mean Success rate per episode: 0.00%
2025-02-03 06:44:36,092 - learning - INFO - Mean subgoals success rate per episode: 40.00%
2025-02-03 06:44:36,092 - learning - INFO - Mean episode reward shaping per episode: -225.67
2025-02-03 06:44:36,092 - learning - INFO - Mean episode collision penalty per episode: 0.00
2025-02-03 06:44:36,093 - learning - INFO - Mean episode number of collisions per episode: 0.00
2025-02-03 06:44:36,093 - learning - INFO - Eval num_timesteps=250000, mean episode reward=-225.67 +/- 108.85
2025-02-03 06:44:36,093 - learning - INFO - Min episode reward: -323.749581, Max episode reward: -91.989738
2025-02-03 06:44:36,093 - learning - INFO - Episode length: 72.00 +/- 34.29
2025-02-03 06:44:36,093 - learning - INFO - Min episode length: 30, Max episode length: 100
2025-02-03 06:44:36,094 - learning - INFO - New best mean reward!
2025-02-03 06:58:02,955 - learning - INFO - Mean Success rate per episode: 0.00%
2025-02-03 06:58:02,955 - learning - INFO - Mean subgoals success rate per episode: 20.00%
2025-02-03 06:58:02,955 - learning - INFO - Mean episode reward shaping per episode: -268.25
2025-02-03 06:58:02,955 - learning - INFO - Mean episode collision penalty per episode: 0.00
2025-02-03 06:58:02,955 - learning - INFO - Mean episode number of collisions per episode: 0.00
2025-02-03 06:58:02,955 - learning - INFO - Eval num_timesteps=260000, mean episode reward=-268.25 +/- 85.12
2025-02-03 06:58:02,955 - learning - INFO - Min episode reward: -311.799344, Max episode reward: -98.012217
2025-02-03 06:58:02,955 - learning - INFO - Episode length: 86.40 +/- 27.20
2025-02-03 06:58:02,956 - learning - INFO - Min episode length: 32, Max episode length: 100
2025-02-03 07:11:59,377 - learning - INFO - Mean Success rate per episode: 0.00%
2025-02-03 07:11:59,378 - learning - INFO - Mean subgoals success rate per episode: 40.00%
2025-02-03 07:11:59,378 - learning - INFO - Mean episode reward shaping per episode: -229.64
2025-02-03 07:11:59,378 - learning - INFO - Mean episode collision penalty per episode: 0.00
2025-02-03 07:11:59,378 - learning - INFO - Mean episode number of collisions per episode: 0.00
2025-02-03 07:11:59,378 - learning - INFO - Eval num_timesteps=270000, mean episode reward=-229.64 +/- 99.79
2025-02-03 07:11:59,378 - learning - INFO - Min episode reward: -312.269956, Max episode reward: -103.773763
2025-02-03 07:11:59,378 - learning - INFO - Episode length: 74.00 +/- 31.85
2025-02-03 07:11:59,378 - learning - INFO - Min episode length: 34, Max episode length: 100
2025-02-03 07:25:21,642 - learning - INFO - Mean Success rate per episode: 0.00%
2025-02-03 07:25:21,642 - learning - INFO - Mean subgoals success rate per episode: 60.00%
2025-02-03 07:25:21,642 - learning - INFO - Mean episode reward shaping per episode: -192.05
2025-02-03 07:25:21,642 - learning - INFO - Mean episode collision penalty per episode: 0.00
2025-02-03 07:25:21,642 - learning - INFO - Mean episode number of collisions per episode: 0.00
2025-02-03 07:25:21,642 - learning - INFO - Eval num_timesteps=280000, mean episode reward=-192.05 +/- 97.34
2025-02-03 07:25:21,642 - learning - INFO - Min episode reward: -313.572214, Max episode reward: -105.013367
2025-02-03 07:25:21,642 - learning - INFO - Episode length: 62.00 +/- 31.09
2025-02-03 07:25:21,642 - learning - INFO - Min episode length: 34, Max episode length: 100
2025-02-03 07:25:21,644 - learning - INFO - New best mean reward!
2025-02-03 07:39:15,290 - learning - INFO - Mean Success rate per episode: 0.00%
2025-02-03 07:39:15,290 - learning - INFO - Mean subgoals success rate per episode: 40.00%
2025-02-03 07:39:15,290 - learning - INFO - Mean episode reward shaping per episode: -232.84
2025-02-03 07:39:15,290 - learning - INFO - Mean episode collision penalty per episode: 0.00
2025-02-03 07:39:15,290 - learning - INFO - Mean episode number of collisions per episode: 0.00
2025-02-03 07:39:15,290 - learning - INFO - Eval num_timesteps=290000, mean episode reward=-232.84 +/- 98.31
2025-02-03 07:39:15,290 - learning - INFO - Min episode reward: -317.562117, Max episode reward: -104.997201
2025-02-03 07:39:15,290 - learning - INFO - Episode length: 74.60 +/- 31.15
2025-02-03 07:39:15,290 - learning - INFO - Min episode length: 34, Max episode length: 100
2025-02-03 07:52:24,594 - learning - INFO - Mean Success rate per episode: 0.00%
2025-02-03 07:52:24,594 - learning - INFO - Mean subgoals success rate per episode: 40.00%
2025-02-03 07:52:24,595 - learning - INFO - Mean episode reward shaping per episode: -245.46
2025-02-03 07:52:24,595 - learning - INFO - Mean episode collision penalty per episode: 0.00
2025-02-03 07:52:24,595 - learning - INFO - Mean episode number of collisions per episode: 0.00
2025-02-03 07:52:24,595 - learning - INFO - Eval num_timesteps=300000, mean episode reward=-245.46 +/- 80.43
2025-02-03 07:52:24,595 - learning - INFO - Min episode reward: -316.19511, Max episode reward: -137.655248
2025-02-03 07:52:24,595 - learning - INFO - Episode length: 79.20 +/- 25.55
2025-02-03 07:52:24,595 - learning - INFO - Min episode length: 45, Max episode length: 100
2025-02-03 08:06:11,543 - learning - INFO - Mean Success rate per episode: 0.00%
2025-02-03 08:06:11,543 - learning - INFO - Mean subgoals success rate per episode: 40.00%
2025-02-03 08:06:11,543 - learning - INFO - Mean episode reward shaping per episode: -249.92
2025-02-03 08:06:11,543 - learning - INFO - Mean episode collision penalty per episode: 0.00
2025-02-03 08:06:11,544 - learning - INFO - Mean episode number of collisions per episode: 0.00
2025-02-03 08:06:11,544 - learning - INFO - Eval num_timesteps=310000, mean episode reward=-249.92 +/- 74.03
2025-02-03 08:06:11,544 - learning - INFO - Min episode reward: -310.3359, Max episode reward: -139.641674
2025-02-03 08:06:11,544 - learning - INFO - Episode length: 80.80 +/- 23.93
2025-02-03 08:06:11,544 - learning - INFO - Min episode length: 45, Max episode length: 100
2025-02-03 08:19:38,400 - learning - INFO - Mean Success rate per episode: 0.00%
2025-02-03 08:19:38,400 - learning - INFO - Mean subgoals success rate per episode: 80.00%
2025-02-03 08:19:38,400 - learning - INFO - Mean episode reward shaping per episode: -170.57
2025-02-03 08:19:38,401 - learning - INFO - Mean episode collision penalty per episode: 0.00
2025-02-03 08:19:38,401 - learning - INFO - Mean episode number of collisions per episode: 0.00
2025-02-03 08:19:38,401 - learning - INFO - Eval num_timesteps=320000, mean episode reward=-170.57 +/- 72.37
2025-02-03 08:19:38,401 - learning - INFO - Min episode reward: -313.874518, Max episode reward: -116.987969
2025-02-03 08:19:38,401 - learning - INFO - Episode length: 55.00 +/- 22.73
2025-02-03 08:19:38,401 - learning - INFO - Min episode length: 38, Max episode length: 100
2025-02-03 08:19:38,403 - learning - INFO - New best mean reward!
2025-02-03 08:33:50,976 - learning - INFO - Mean Success rate per episode: 0.00%
2025-02-03 08:33:50,976 - learning - INFO - Mean subgoals success rate per episode: 0.00%
2025-02-03 08:33:50,976 - learning - INFO - Mean episode reward shaping per episode: -313.38
2025-02-03 08:33:50,976 - learning - INFO - Mean episode collision penalty per episode: 0.00
2025-02-03 08:33:50,976 - learning - INFO - Mean episode number of collisions per episode: 0.00
2025-02-03 08:33:50,976 - learning - INFO - Eval num_timesteps=330000, mean episode reward=-313.38 +/- 1.56
2025-02-03 08:33:50,977 - learning - INFO - Min episode reward: -315.389318, Max episode reward: -311.001028
2025-02-03 08:33:50,977 - learning - INFO - Episode length: 100.00 +/- 0.00
2025-02-03 08:33:50,977 - learning - INFO - Min episode length: 100, Max episode length: 100
2025-02-03 08:48:05,689 - learning - INFO - Mean Success rate per episode: 0.00%
2025-02-03 08:48:05,690 - learning - INFO - Mean subgoals success rate per episode: 0.00%
2025-02-03 08:48:05,690 - learning - INFO - Mean episode reward shaping per episode: -314.07
2025-02-03 08:48:05,690 - learning - INFO - Mean episode collision penalty per episode: 0.00
2025-02-03 08:48:05,690 - learning - INFO - Mean episode number of collisions per episode: 0.00
2025-02-03 08:48:05,690 - learning - INFO - Eval num_timesteps=340000, mean episode reward=-314.07 +/- 0.92
2025-02-03 08:48:05,690 - learning - INFO - Min episode reward: -314.957066, Max episode reward: -312.674923
2025-02-03 08:48:05,690 - learning - INFO - Episode length: 100.00 +/- 0.00
2025-02-03 08:48:05,690 - learning - INFO - Min episode length: 100, Max episode length: 100
2025-02-03 09:02:07,229 - learning - INFO - Mean Success rate per episode: 0.00%
2025-02-03 09:02:07,229 - learning - INFO - Mean subgoals success rate per episode: 0.00%
2025-02-03 09:02:07,230 - learning - INFO - Mean episode reward shaping per episode: -310.41
2025-02-03 09:02:07,230 - learning - INFO - Mean episode collision penalty per episode: 0.00
2025-02-03 09:02:07,230 - learning - INFO - Mean episode number of collisions per episode: 0.00
2025-02-03 09:02:07,230 - learning - INFO - Eval num_timesteps=350000, mean episode reward=-310.41 +/- 0.82
2025-02-03 09:02:07,230 - learning - INFO - Min episode reward: -311.139704, Max episode reward: -308.832932
2025-02-03 09:02:07,230 - learning - INFO - Episode length: 100.00 +/- 0.00
2025-02-03 09:02:07,230 - learning - INFO - Min episode length: 100, Max episode length: 100
2025-02-03 09:17:08,212 - learning - INFO - Mean Success rate per episode: 0.00%
2025-02-03 09:17:08,213 - learning - INFO - Mean subgoals success rate per episode: 60.00%
2025-02-03 09:17:08,213 - learning - INFO - Mean episode reward shaping per episode: -197.92
2025-02-03 09:17:08,213 - learning - INFO - Mean episode collision penalty per episode: 0.00
2025-02-03 09:17:08,213 - learning - INFO - Mean episode number of collisions per episode: 0.00
2025-02-03 09:17:08,213 - learning - INFO - Eval num_timesteps=360000, mean episode reward=-197.92 +/- 111.23
2025-02-03 09:17:08,213 - learning - INFO - Min episode reward: -356.385075, Max episode reward: -97.703926
2025-02-03 09:17:08,213 - learning - INFO - Episode length: 61.20 +/- 31.74
2025-02-03 09:17:08,213 - learning - INFO - Min episode length: 32, Max episode length: 100
2025-02-03 09:30:58,497 - learning - INFO - Mean Success rate per episode: 0.00%
2025-02-03 09:30:58,497 - learning - INFO - Mean subgoals success rate per episode: 20.00%
2025-02-03 09:30:58,497 - learning - INFO - Mean episode reward shaping per episode: -275.03
2025-02-03 09:30:58,497 - learning - INFO - Mean episode collision penalty per episode: 0.00
2025-02-03 09:30:58,497 - learning - INFO - Mean episode number of collisions per episode: 0.00
2025-02-03 09:30:58,498 - learning - INFO - Eval num_timesteps=370000, mean episode reward=-275.03 +/- 71.25
2025-02-03 09:30:58,498 - learning - INFO - Min episode reward: -316.081381, Max episode reward: -132.666345
2025-02-03 09:30:58,498 - learning - INFO - Episode length: 88.60 +/- 22.80
2025-02-03 09:30:58,498 - learning - INFO - Min episode length: 43, Max episode length: 100
2025-02-03 09:46:02,283 - learning - INFO - Mean Success rate per episode: 0.00%
2025-02-03 09:46:02,283 - learning - INFO - Mean subgoals success rate per episode: 100.00%
2025-02-03 09:46:02,283 - learning - INFO - Mean episode reward shaping per episode: -131.27
2025-02-03 09:46:02,283 - learning - INFO - Mean episode collision penalty per episode: 0.00
2025-02-03 09:46:02,283 - learning - INFO - Mean episode number of collisions per episode: 0.00
2025-02-03 09:46:02,283 - learning - INFO - Eval num_timesteps=380000, mean episode reward=-131.27 +/- 23.57
2025-02-03 09:46:02,283 - learning - INFO - Min episode reward: -176.935121, Max episode reward: -109.634519
2025-02-03 09:46:02,283 - learning - INFO - Episode length: 43.00 +/- 7.72
2025-02-03 09:46:02,283 - learning - INFO - Min episode length: 36, Max episode length: 58
2025-02-03 09:46:02,285 - learning - INFO - New best mean reward!
2025-02-03 10:00:28,196 - learning - INFO - Mean Success rate per episode: 0.00%
2025-02-03 10:00:28,196 - learning - INFO - Mean subgoals success rate per episode: 100.00%
2025-02-03 10:00:28,196 - learning - INFO - Mean episode reward shaping per episode: -134.39
2025-02-03 10:00:28,196 - learning - INFO - Mean episode collision penalty per episode: 0.00
2025-02-03 10:00:28,196 - learning - INFO - Mean episode number of collisions per episode: 0.00
2025-02-03 10:00:28,196 - learning - INFO - Eval num_timesteps=390000, mean episode reward=-134.39 +/- 26.62
2025-02-03 10:00:28,196 - learning - INFO - Min episode reward: -180.356436, Max episode reward: -103.87151
2025-02-03 10:00:28,196 - learning - INFO - Episode length: 44.00 +/- 8.76
2025-02-03 10:00:28,196 - learning - INFO - Min episode length: 34, Max episode length: 59
2025-02-03 10:14:37,007 - learning - INFO - Mean Success rate per episode: 0.00%
2025-02-03 10:14:37,007 - learning - INFO - Mean subgoals success rate per episode: 100.00%
2025-02-03 10:14:37,008 - learning - INFO - Mean episode reward shaping per episode: -109.29
2025-02-03 10:14:37,008 - learning - INFO - Mean episode collision penalty per episode: 0.00
2025-02-03 10:14:37,008 - learning - INFO - Mean episode number of collisions per episode: 0.00
2025-02-03 10:14:37,008 - learning - INFO - Eval num_timesteps=400000, mean episode reward=-109.29 +/- 10.13
2025-02-03 10:14:37,008 - learning - INFO - Min episode reward: -124.897503, Max episode reward: -95.565335
2025-02-03 10:14:37,008 - learning - INFO - Episode length: 35.80 +/- 3.43
2025-02-03 10:14:37,008 - learning - INFO - Min episode length: 31, Max episode length: 41
2025-02-03 10:14:37,010 - learning - INFO - New best mean reward!
2025-02-03 10:29:55,469 - learning - INFO - Mean Success rate per episode: 0.00%
2025-02-03 10:29:55,469 - learning - INFO - Mean subgoals success rate per episode: 100.00%
2025-02-03 10:29:55,469 - learning - INFO - Mean episode reward shaping per episode: -105.67
2025-02-03 10:29:55,469 - learning - INFO - Mean episode collision penalty per episode: 0.00
2025-02-03 10:29:55,469 - learning - INFO - Mean episode number of collisions per episode: 0.00
2025-02-03 10:29:55,469 - learning - INFO - Eval num_timesteps=410000, mean episode reward=-105.67 +/- 13.71
2025-02-03 10:29:55,469 - learning - INFO - Min episode reward: -128.871208, Max episode reward: -91.70331
2025-02-03 10:29:55,469 - learning - INFO - Episode length: 34.60 +/- 4.41
2025-02-03 10:29:55,469 - learning - INFO - Min episode length: 30, Max episode length: 42
2025-02-03 10:29:55,471 - learning - INFO - New best mean reward!
2025-02-03 10:45:42,590 - learning - INFO - Mean Success rate per episode: 0.00%
2025-02-03 10:45:42,590 - learning - INFO - Mean subgoals success rate per episode: 100.00%
2025-02-03 10:45:42,590 - learning - INFO - Mean episode reward shaping per episode: -99.16
2025-02-03 10:45:42,590 - learning - INFO - Mean episode collision penalty per episode: 0.00
2025-02-03 10:45:42,591 - learning - INFO - Mean episode number of collisions per episode: 0.00
2025-02-03 10:45:42,591 - learning - INFO - Eval num_timesteps=420000, mean episode reward=-99.16 +/- 3.79
2025-02-03 10:45:42,591 - learning - INFO - Min episode reward: -105.295633, Max episode reward: -94.532602
2025-02-03 10:45:42,591 - learning - INFO - Episode length: 32.20 +/- 1.17
2025-02-03 10:45:42,591 - learning - INFO - Min episode length: 31, Max episode length: 34
2025-02-03 10:45:42,593 - learning - INFO - New best mean reward!
2025-02-03 11:01:17,305 - learning - INFO - Mean Success rate per episode: 0.00%
2025-02-03 11:01:17,305 - learning - INFO - Mean subgoals success rate per episode: 60.00%
2025-02-03 11:01:17,305 - learning - INFO - Mean episode reward shaping per episode: -186.63
2025-02-03 11:01:17,305 - learning - INFO - Mean episode collision penalty per episode: 0.00
2025-02-03 11:01:17,305 - learning - INFO - Mean episode number of collisions per episode: 0.00
2025-02-03 11:01:17,305 - learning - INFO - Eval num_timesteps=430000, mean episode reward=-186.63 +/- 103.19
2025-02-03 11:01:17,305 - learning - INFO - Min episode reward: -312.892189, Max episode reward: -92.818716
2025-02-03 11:01:17,305 - learning - INFO - Episode length: 60.00 +/- 32.77
2025-02-03 11:01:17,305 - learning - INFO - Min episode length: 30, Max episode length: 100
2025-02-03 11:16:03,434 - learning - INFO - Mean Success rate per episode: 0.00%
2025-02-03 11:16:03,434 - learning - INFO - Mean subgoals success rate per episode: 60.00%
2025-02-03 11:16:03,434 - learning - INFO - Mean episode reward shaping per episode: -182.86
2025-02-03 11:16:03,434 - learning - INFO - Mean episode collision penalty per episode: 0.00
2025-02-03 11:16:03,434 - learning - INFO - Mean episode number of collisions per episode: 0.00
2025-02-03 11:16:03,434 - learning - INFO - Eval num_timesteps=440000, mean episode reward=-182.86 +/- 103.18
2025-02-03 11:16:03,434 - learning - INFO - Min episode reward: -309.432379, Max episode reward: -91.828259
2025-02-03 11:16:03,434 - learning - INFO - Episode length: 59.40 +/- 33.21
2025-02-03 11:16:03,434 - learning - INFO - Min episode length: 30, Max episode length: 100
2025-02-03 11:31:37,387 - learning - INFO - Mean Success rate per episode: 0.00%
2025-02-03 11:31:37,387 - learning - INFO - Mean subgoals success rate per episode: 80.00%
2025-02-03 11:31:37,387 - learning - INFO - Mean episode reward shaping per episode: -158.84
2025-02-03 11:31:37,387 - learning - INFO - Mean episode collision penalty per episode: 0.00
2025-02-03 11:31:37,387 - learning - INFO - Mean episode number of collisions per episode: 0.00
2025-02-03 11:31:37,387 - learning - INFO - Eval num_timesteps=450000, mean episode reward=-158.84 +/- 80.82
2025-02-03 11:31:37,387 - learning - INFO - Min episode reward: -320.260088, Max episode reward: -113.799844
2025-02-03 11:31:37,387 - learning - INFO - Episode length: 50.80 +/- 24.64
2025-02-03 11:31:37,387 - learning - INFO - Min episode length: 37, Max episode length: 100
2025-02-03 11:46:06,373 - learning - INFO - Mean Success rate per episode: 0.00%
2025-02-03 11:46:06,373 - learning - INFO - Mean subgoals success rate per episode: 100.00%
2025-02-03 11:46:06,373 - learning - INFO - Mean episode reward shaping per episode: -114.02
2025-02-03 11:46:06,373 - learning - INFO - Mean episode collision penalty per episode: 0.00
2025-02-03 11:46:06,373 - learning - INFO - Mean episode number of collisions per episode: 0.00
2025-02-03 11:46:06,374 - learning - INFO - Eval num_timesteps=460000, mean episode reward=-114.02 +/- 7.70
2025-02-03 11:46:06,374 - learning - INFO - Min episode reward: -125.719828, Max episode reward: -104.784859
2025-02-03 11:46:06,374 - learning - INFO - Episode length: 37.20 +/- 2.56
2025-02-03 11:46:06,374 - learning - INFO - Min episode length: 34, Max episode length: 41
2025-02-03 12:00:58,032 - learning - INFO - Mean Success rate per episode: 0.00%
2025-02-03 12:00:58,032 - learning - INFO - Mean subgoals success rate per episode: 80.00%
2025-02-03 12:00:58,032 - learning - INFO - Mean episode reward shaping per episode: -160.45
2025-02-03 12:00:58,032 - learning - INFO - Mean episode collision penalty per episode: 0.00
2025-02-03 12:00:58,032 - learning - INFO - Mean episode number of collisions per episode: 0.00
2025-02-03 12:00:58,032 - learning - INFO - Eval num_timesteps=470000, mean episode reward=-160.45 +/- 81.67
2025-02-03 12:00:58,033 - learning - INFO - Min episode reward: -321.386787, Max episode reward: -98.531333
2025-02-03 12:00:58,033 - learning - INFO - Episode length: 51.40 +/- 24.73
2025-02-03 12:00:58,033 - learning - INFO - Min episode length: 32, Max episode length: 100
2025-02-03 12:16:23,867 - learning - INFO - Mean Success rate per episode: 0.00%
2025-02-03 12:16:23,867 - learning - INFO - Mean subgoals success rate per episode: 40.00%
2025-02-03 12:16:23,867 - learning - INFO - Mean episode reward shaping per episode: -241.97
2025-02-03 12:16:23,867 - learning - INFO - Mean episode collision penalty per episode: 0.00
2025-02-03 12:16:23,867 - learning - INFO - Mean episode number of collisions per episode: 0.00
2025-02-03 12:16:23,867 - learning - INFO - Eval num_timesteps=480000, mean episode reward=-241.97 +/- 94.24
2025-02-03 12:16:23,867 - learning - INFO - Min episode reward: -330.12436, Max episode reward: -103.752444
2025-02-03 12:16:23,867 - learning - INFO - Episode length: 76.80 +/- 28.86
2025-02-03 12:16:23,867 - learning - INFO - Min episode length: 34, Max episode length: 100
2025-02-03 12:30:27,753 - learning - INFO - Mean Success rate per episode: 0.00%
2025-02-03 12:30:27,754 - learning - INFO - Mean subgoals success rate per episode: 40.00%
2025-02-03 12:30:27,754 - learning - INFO - Mean episode reward shaping per episode: -232.73
2025-02-03 12:30:27,754 - learning - INFO - Mean episode collision penalty per episode: 0.00
2025-02-03 12:30:27,754 - learning - INFO - Mean episode number of collisions per episode: 0.00
2025-02-03 12:30:27,754 - learning - INFO - Eval num_timesteps=490000, mean episode reward=-232.73 +/- 102.27
2025-02-03 12:30:27,754 - learning - INFO - Min episode reward: -324.168419, Max episode reward: -93.30138
2025-02-03 12:30:27,754 - learning - INFO - Episode length: 74.00 +/- 32.00
2025-02-03 12:30:27,754 - learning - INFO - Min episode length: 30, Max episode length: 100
2025-02-03 12:44:59,168 - learning - INFO - Mean Success rate per episode: 0.00%
2025-02-03 12:44:59,169 - learning - INFO - Mean subgoals success rate per episode: 80.00%
2025-02-03 12:44:59,169 - learning - INFO - Mean episode reward shaping per episode: -145.42
2025-02-03 12:44:59,169 - learning - INFO - Mean episode collision penalty per episode: 0.00
2025-02-03 12:44:59,169 - learning - INFO - Mean episode number of collisions per episode: 0.00
2025-02-03 12:44:59,169 - learning - INFO - Eval num_timesteps=500000, mean episode reward=-145.42 +/- 80.25
2025-02-03 12:44:59,169 - learning - INFO - Min episode reward: -305.758125, Max episode reward: -99.70419
2025-02-03 12:44:59,169 - learning - INFO - Episode length: 47.40 +/- 26.33
2025-02-03 12:44:59,169 - learning - INFO - Min episode length: 32, Max episode length: 100
2025-02-03 13:00:38,114 - learning - INFO - Mean Success rate per episode: 0.00%
2025-02-03 13:00:38,114 - learning - INFO - Mean subgoals success rate per episode: 60.00%
2025-02-03 13:00:38,114 - learning - INFO - Mean episode reward shaping per episode: -183.77
2025-02-03 13:00:38,114 - learning - INFO - Mean episode collision penalty per episode: 0.00
2025-02-03 13:00:38,114 - learning - INFO - Mean episode number of collisions per episode: 0.00
2025-02-03 13:00:38,114 - learning - INFO - Eval num_timesteps=510000, mean episode reward=-183.77 +/- 110.94
2025-02-03 13:00:38,114 - learning - INFO - Min episode reward: -320.702992, Max episode reward: -88.785005
2025-02-03 13:00:38,114 - learning - INFO - Episode length: 58.20 +/- 34.14
2025-02-03 13:00:38,114 - learning - INFO - Min episode length: 29, Max episode length: 100
2025-02-03 13:14:34,960 - learning - INFO - Mean Success rate per episode: 0.00%
2025-02-03 13:14:34,960 - learning - INFO - Mean subgoals success rate per episode: 40.00%
2025-02-03 13:14:34,960 - learning - INFO - Mean episode reward shaping per episode: -230.17
2025-02-03 13:14:34,960 - learning - INFO - Mean episode collision penalty per episode: 0.00
2025-02-03 13:14:34,960 - learning - INFO - Mean episode number of collisions per episode: 0.00
2025-02-03 13:14:34,960 - learning - INFO - Eval num_timesteps=520000, mean episode reward=-230.17 +/- 109.46
2025-02-03 13:14:34,960 - learning - INFO - Min episode reward: -321.017274, Max episode reward: -93.04266
2025-02-03 13:14:34,960 - learning - INFO - Episode length: 72.40 +/- 33.81
2025-02-03 13:14:34,960 - learning - INFO - Min episode length: 30, Max episode length: 100
2025-02-03 13:28:45,053 - learning - INFO - Mean Success rate per episode: 0.00%
2025-02-03 13:28:45,053 - learning - INFO - Mean subgoals success rate per episode: 60.00%
2025-02-03 13:28:45,053 - learning - INFO - Mean episode reward shaping per episode: -181.71
2025-02-03 13:28:45,053 - learning - INFO - Mean episode collision penalty per episode: 0.00
2025-02-03 13:28:45,053 - learning - INFO - Mean episode number of collisions per episode: 0.00
2025-02-03 13:28:45,053 - learning - INFO - Eval num_timesteps=530000, mean episode reward=-181.71 +/- 115.43
2025-02-03 13:28:45,053 - learning - INFO - Min episode reward: -325.150616, Max episode reward: -80.962441
2025-02-03 13:28:45,053 - learning - INFO - Episode length: 57.00 +/- 35.15
2025-02-03 13:28:45,054 - learning - INFO - Min episode length: 26, Max episode length: 100
2025-02-03 13:42:40,034 - learning - INFO - Mean Success rate per episode: 0.00%
2025-02-03 13:42:40,034 - learning - INFO - Mean subgoals success rate per episode: 80.00%
2025-02-03 13:42:40,034 - learning - INFO - Mean episode reward shaping per episode: -143.43
2025-02-03 13:42:40,034 - learning - INFO - Mean episode collision penalty per episode: 0.00
2025-02-03 13:42:40,034 - learning - INFO - Mean episode number of collisions per episode: 0.00
2025-02-03 13:42:40,034 - learning - INFO - Eval num_timesteps=540000, mean episode reward=-143.43 +/- 81.69
2025-02-03 13:42:40,034 - learning - INFO - Min episode reward: -306.321188, Max episode reward: -96.004197
2025-02-03 13:42:40,034 - learning - INFO - Episode length: 46.60 +/- 26.78
2025-02-03 13:42:40,034 - learning - INFO - Min episode length: 31, Max episode length: 100
2025-02-03 13:56:35,218 - learning - INFO - Mean Success rate per episode: 0.00%
2025-02-03 13:56:35,218 - learning - INFO - Mean subgoals success rate per episode: 40.00%
2025-02-03 13:56:35,218 - learning - INFO - Mean episode reward shaping per episode: -238.43
2025-02-03 13:56:35,218 - learning - INFO - Mean episode collision penalty per episode: 0.00
2025-02-03 13:56:35,218 - learning - INFO - Mean episode number of collisions per episode: 0.00
2025-02-03 13:56:35,219 - learning - INFO - Eval num_timesteps=550000, mean episode reward=-238.43 +/- 111.21
2025-02-03 13:56:35,219 - learning - INFO - Min episode reward: -342.465553, Max episode reward: -94.866104
2025-02-03 13:56:35,219 - learning - INFO - Episode length: 73.40 +/- 32.62
2025-02-03 13:56:35,219 - learning - INFO - Min episode length: 31, Max episode length: 100
2025-02-03 14:11:43,832 - learning - INFO - Mean Success rate per episode: 0.00%
2025-02-03 14:11:43,834 - learning - INFO - Mean subgoals success rate per episode: 80.00%
2025-02-03 14:11:43,834 - learning - INFO - Mean episode reward shaping per episode: -150.42
2025-02-03 14:11:43,834 - learning - INFO - Mean episode collision penalty per episode: 0.00
2025-02-03 14:11:43,834 - learning - INFO - Mean episode number of collisions per episode: 0.00
2025-02-03 14:11:43,834 - learning - INFO - Eval num_timesteps=560000, mean episode reward=-150.42 +/- 83.87
2025-02-03 14:11:43,834 - learning - INFO - Min episode reward: -317.431478, Max episode reward: -98.696735
2025-02-03 14:11:43,834 - learning - INFO - Episode length: 48.20 +/- 26.03
2025-02-03 14:11:43,835 - learning - INFO - Min episode length: 32, Max episode length: 100
2025-02-03 14:26:44,706 - learning - INFO - Mean Success rate per episode: 0.00%
2025-02-03 14:26:44,708 - learning - INFO - Mean subgoals success rate per episode: 100.00%
2025-02-03 14:26:44,708 - learning - INFO - Mean episode reward shaping per episode: -110.85
2025-02-03 14:26:44,708 - learning - INFO - Mean episode collision penalty per episode: 0.00
2025-02-03 14:26:44,708 - learning - INFO - Mean episode number of collisions per episode: 0.00
2025-02-03 14:26:44,708 - learning - INFO - Eval num_timesteps=570000, mean episode reward=-110.85 +/- 13.35
2025-02-03 14:26:44,709 - learning - INFO - Min episode reward: -135.989668, Max episode reward: -98.715345
2025-02-03 14:26:44,709 - learning - INFO - Episode length: 36.00 +/- 4.24
2025-02-03 14:26:44,709 - learning - INFO - Min episode length: 32, Max episode length: 44
2025-02-03 14:42:17,017 - learning - INFO - Mean Success rate per episode: 0.00%
2025-02-03 14:42:17,018 - learning - INFO - Mean subgoals success rate per episode: 60.00%
2025-02-03 14:42:17,018 - learning - INFO - Mean episode reward shaping per episode: -189.87
2025-02-03 14:42:17,018 - learning - INFO - Mean episode collision penalty per episode: 0.00
2025-02-03 14:42:17,018 - learning - INFO - Mean episode number of collisions per episode: 0.00
2025-02-03 14:42:17,018 - learning - INFO - Eval num_timesteps=580000, mean episode reward=-189.87 +/- 108.10
2025-02-03 14:42:17,018 - learning - INFO - Min episode reward: -322.920692, Max episode reward: -100.905299
2025-02-03 14:42:17,019 - learning - INFO - Episode length: 59.80 +/- 32.82
2025-02-03 14:42:17,019 - learning - INFO - Min episode length: 33, Max episode length: 100
2025-02-03 14:56:52,650 - learning - INFO - Mean Success rate per episode: 0.00%
2025-02-03 14:56:52,652 - learning - INFO - Mean subgoals success rate per episode: 80.00%
2025-02-03 14:56:52,652 - learning - INFO - Mean episode reward shaping per episode: -153.20
2025-02-03 14:56:52,652 - learning - INFO - Mean episode collision penalty per episode: 0.00
2025-02-03 14:56:52,652 - learning - INFO - Mean episode number of collisions per episode: 0.00
2025-02-03 14:56:52,652 - learning - INFO - Eval num_timesteps=590000, mean episode reward=-153.20 +/- 99.08
2025-02-03 14:56:52,652 - learning - INFO - Min episode reward: -350.155976, Max episode reward: -89.615835
2025-02-03 14:56:52,652 - learning - INFO - Episode length: 47.00 +/- 26.74
2025-02-03 14:56:52,652 - learning - INFO - Min episode length: 29, Max episode length: 100
2025-02-03 15:11:59,417 - learning - INFO - Mean Success rate per episode: 0.00%
2025-02-03 15:11:59,418 - learning - INFO - Mean subgoals success rate per episode: 100.00%
2025-02-03 15:11:59,418 - learning - INFO - Mean episode reward shaping per episode: -98.64
2025-02-03 15:11:59,418 - learning - INFO - Mean episode collision penalty per episode: 0.00
2025-02-03 15:11:59,418 - learning - INFO - Mean episode number of collisions per episode: 0.00
2025-02-03 15:11:59,418 - learning - INFO - Eval num_timesteps=600000, mean episode reward=-98.64 +/- 7.24
2025-02-03 15:11:59,418 - learning - INFO - Min episode reward: -111.386079, Max episode reward: -91.761612
2025-02-03 15:11:59,418 - learning - INFO - Episode length: 32.00 +/- 2.28
2025-02-03 15:11:59,418 - learning - INFO - Min episode length: 30, Max episode length: 36
2025-02-03 15:11:59,420 - learning - INFO - New best mean reward!
2025-02-03 15:28:26,469 - learning - INFO - Mean Success rate per episode: 0.00%
2025-02-03 15:28:26,469 - learning - INFO - Mean subgoals success rate per episode: 80.00%
2025-02-03 15:28:26,469 - learning - INFO - Mean episode reward shaping per episode: -150.55
2025-02-03 15:28:26,469 - learning - INFO - Mean episode collision penalty per episode: 0.00
2025-02-03 15:28:26,469 - learning - INFO - Mean episode number of collisions per episode: 0.00
2025-02-03 15:28:26,469 - learning - INFO - Eval num_timesteps=610000, mean episode reward=-150.55 +/- 81.88
2025-02-03 15:28:26,469 - learning - INFO - Min episode reward: -312.69234, Max episode reward: -97.622741
2025-02-03 15:28:26,469 - learning - INFO - Episode length: 48.80 +/- 25.89
2025-02-03 15:28:26,469 - learning - INFO - Min episode length: 32, Max episode length: 100
2025-02-03 15:43:58,175 - learning - INFO - Mean Success rate per episode: 0.00%
2025-02-03 15:43:58,175 - learning - INFO - Mean subgoals success rate per episode: 80.00%
2025-02-03 15:43:58,175 - learning - INFO - Mean episode reward shaping per episode: -151.63
2025-02-03 15:43:58,175 - learning - INFO - Mean episode collision penalty per episode: 0.00
2025-02-03 15:43:58,175 - learning - INFO - Mean episode number of collisions per episode: 0.00
2025-02-03 15:43:58,175 - learning - INFO - Eval num_timesteps=620000, mean episode reward=-151.63 +/- 82.85
2025-02-03 15:43:58,175 - learning - INFO - Min episode reward: -315.869562, Max episode reward: -94.695578
2025-02-03 15:43:58,175 - learning - INFO - Episode length: 48.80 +/- 25.86
2025-02-03 15:43:58,175 - learning - INFO - Min episode length: 31, Max episode length: 100
2025-02-03 15:59:52,653 - learning - INFO - Mean Success rate per episode: 0.00%
2025-02-03 15:59:52,653 - learning - INFO - Mean subgoals success rate per episode: 100.00%
2025-02-03 15:59:52,654 - learning - INFO - Mean episode reward shaping per episode: -92.21
2025-02-03 15:59:52,654 - learning - INFO - Mean episode collision penalty per episode: 0.00
2025-02-03 15:59:52,654 - learning - INFO - Mean episode number of collisions per episode: 0.00
2025-02-03 15:59:52,654 - learning - INFO - Eval num_timesteps=630000, mean episode reward=-92.21 +/- 7.68
2025-02-03 15:59:52,654 - learning - INFO - Min episode reward: -104.988955, Max episode reward: -82.472354
2025-02-03 15:59:52,654 - learning - INFO - Episode length: 30.00 +/- 2.37
2025-02-03 15:59:52,654 - learning - INFO - Min episode length: 27, Max episode length: 34
2025-02-03 15:59:52,655 - learning - INFO - New best mean reward!
2025-02-03 16:16:28,445 - learning - INFO - Mean Success rate per episode: 0.00%
2025-02-03 16:16:28,445 - learning - INFO - Mean subgoals success rate per episode: 100.00%
2025-02-03 16:16:28,445 - learning - INFO - Mean episode reward shaping per episode: -94.07
2025-02-03 16:16:28,445 - learning - INFO - Mean episode collision penalty per episode: 0.00
2025-02-03 16:16:28,445 - learning - INFO - Mean episode number of collisions per episode: 0.00
2025-02-03 16:16:28,445 - learning - INFO - Eval num_timesteps=640000, mean episode reward=-94.07 +/- 5.35
2025-02-03 16:16:28,446 - learning - INFO - Min episode reward: -101.16218, Max episode reward: -85.457159
2025-02-03 16:16:28,446 - learning - INFO - Episode length: 30.80 +/- 1.72
2025-02-03 16:16:28,446 - learning - INFO - Min episode length: 28, Max episode length: 33
2025-02-03 16:33:17,460 - learning - INFO - Mean Success rate per episode: 0.00%
2025-02-03 16:33:17,460 - learning - INFO - Mean subgoals success rate per episode: 60.00%
2025-02-03 16:33:17,460 - learning - INFO - Mean episode reward shaping per episode: -188.94
2025-02-03 16:33:17,460 - learning - INFO - Mean episode collision penalty per episode: 0.00
2025-02-03 16:33:17,460 - learning - INFO - Mean episode number of collisions per episode: 0.00
2025-02-03 16:33:17,460 - learning - INFO - Eval num_timesteps=650000, mean episode reward=-188.94 +/- 113.40
2025-02-03 16:33:17,460 - learning - INFO - Min episode reward: -336.170956, Max episode reward: -95.707611
2025-02-03 16:33:17,460 - learning - INFO - Episode length: 58.80 +/- 33.64
2025-02-03 16:33:17,460 - learning - INFO - Min episode length: 31, Max episode length: 100
2025-02-03 16:49:11,844 - learning - INFO - Mean Success rate per episode: 0.00%
2025-02-03 16:49:11,844 - learning - INFO - Mean subgoals success rate per episode: 80.00%
2025-02-03 16:49:11,844 - learning - INFO - Mean episode reward shaping per episode: -141.78
2025-02-03 16:49:11,844 - learning - INFO - Mean episode collision penalty per episode: 0.00
2025-02-03 16:49:11,844 - learning - INFO - Mean episode number of collisions per episode: 0.00
2025-02-03 16:49:11,844 - learning - INFO - Eval num_timesteps=660000, mean episode reward=-141.78 +/- 91.04
2025-02-03 16:49:11,844 - learning - INFO - Min episode reward: -323.681472, Max episode reward: -91.53304
2025-02-03 16:49:11,844 - learning - INFO - Episode length: 45.00 +/- 27.52
2025-02-03 16:49:11,845 - learning - INFO - Min episode length: 30, Max episode length: 100
2025-02-03 17:05:49,286 - learning - INFO - Mean Success rate per episode: 0.00%
2025-02-03 17:05:49,286 - learning - INFO - Mean subgoals success rate per episode: 80.00%
2025-02-03 17:05:49,286 - learning - INFO - Mean episode reward shaping per episode: -141.37
2025-02-03 17:05:49,286 - learning - INFO - Mean episode collision penalty per episode: 0.00
2025-02-03 17:05:49,286 - learning - INFO - Mean episode number of collisions per episode: 0.00
2025-02-03 17:05:49,287 - learning - INFO - Eval num_timesteps=670000, mean episode reward=-141.37 +/- 88.05
2025-02-03 17:05:49,287 - learning - INFO - Min episode reward: -315.69475, Max episode reward: -82.491538
2025-02-03 17:05:49,287 - learning - INFO - Episode length: 45.40 +/- 27.57
2025-02-03 17:05:49,287 - learning - INFO - Min episode length: 27, Max episode length: 100
2025-02-03 17:22:35,483 - learning - INFO - Mean Success rate per episode: 0.00%
2025-02-03 17:22:35,483 - learning - INFO - Mean subgoals success rate per episode: 100.00%
2025-02-03 17:22:35,483 - learning - INFO - Mean episode reward shaping per episode: -92.34
2025-02-03 17:22:35,483 - learning - INFO - Mean episode collision penalty per episode: 0.00
2025-02-03 17:22:35,483 - learning - INFO - Mean episode number of collisions per episode: 0.00
2025-02-03 17:22:35,483 - learning - INFO - Eval num_timesteps=680000, mean episode reward=-92.34 +/- 10.10
2025-02-03 17:22:35,483 - learning - INFO - Min episode reward: -111.492282, Max episode reward: -82.586468
2025-02-03 17:22:35,483 - learning - INFO - Episode length: 30.00 +/- 3.16
2025-02-03 17:22:35,483 - learning - INFO - Min episode length: 27, Max episode length: 36
2025-02-03 17:38:44,769 - learning - INFO - Mean Success rate per episode: 0.00%
2025-02-03 17:38:44,770 - learning - INFO - Mean subgoals success rate per episode: 80.00%
2025-02-03 17:38:44,770 - learning - INFO - Mean episode reward shaping per episode: -156.00
2025-02-03 17:38:44,770 - learning - INFO - Mean episode collision penalty per episode: 0.00
2025-02-03 17:38:44,770 - learning - INFO - Mean episode number of collisions per episode: 0.00
2025-02-03 17:38:44,770 - learning - INFO - Eval num_timesteps=690000, mean episode reward=-156.00 +/- 83.76
2025-02-03 17:38:44,770 - learning - INFO - Min episode reward: -320.760369, Max episode reward: -98.624423
2025-02-03 17:38:44,770 - learning - INFO - Episode length: 50.00 +/- 25.51
2025-02-03 17:38:44,770 - learning - INFO - Min episode length: 32, Max episode length: 100
2025-02-03 17:54:01,346 - learning - INFO - Mean Success rate per episode: 0.00%
2025-02-03 17:54:01,346 - learning - INFO - Mean subgoals success rate per episode: 100.00%
2025-02-03 17:54:01,346 - learning - INFO - Mean episode reward shaping per episode: -94.38
2025-02-03 17:54:01,346 - learning - INFO - Mean episode collision penalty per episode: 0.00
2025-02-03 17:54:01,346 - learning - INFO - Mean episode number of collisions per episode: 0.00
2025-02-03 17:54:01,346 - learning - INFO - Eval num_timesteps=700000, mean episode reward=-94.38 +/- 4.87
2025-02-03 17:54:01,346 - learning - INFO - Min episode reward: -100.569856, Max episode reward: -85.569836
2025-02-03 17:54:01,346 - learning - INFO - Episode length: 30.80 +/- 1.60
2025-02-03 17:54:01,346 - learning - INFO - Min episode length: 28, Max episode length: 33
2025-02-03 18:09:01,455 - learning - INFO - Mean Success rate per episode: 0.00%
2025-02-03 18:09:01,455 - learning - INFO - Mean subgoals success rate per episode: 80.00%
2025-02-03 18:09:01,455 - learning - INFO - Mean episode reward shaping per episode: -134.63
2025-02-03 18:09:01,455 - learning - INFO - Mean episode collision penalty per episode: 0.00
2025-02-03 18:09:01,455 - learning - INFO - Mean episode number of collisions per episode: 0.00
2025-02-03 18:09:01,455 - learning - INFO - Eval num_timesteps=710000, mean episode reward=-134.63 +/- 92.56
2025-02-03 18:09:01,455 - learning - INFO - Min episode reward: -319.412077, Max episode reward: -79.387656
2025-02-03 18:09:01,455 - learning - INFO - Episode length: 43.00 +/- 28.55
2025-02-03 18:09:01,455 - learning - INFO - Min episode length: 26, Max episode length: 100
2025-02-03 18:23:59,312 - learning - INFO - Mean Success rate per episode: 0.00%
2025-02-03 18:23:59,312 - learning - INFO - Mean subgoals success rate per episode: 100.00%
2025-02-03 18:23:59,312 - learning - INFO - Mean episode reward shaping per episode: -90.83
2025-02-03 18:23:59,312 - learning - INFO - Mean episode collision penalty per episode: 0.00
2025-02-03 18:23:59,312 - learning - INFO - Mean episode number of collisions per episode: 0.00
2025-02-03 18:23:59,312 - learning - INFO - Eval num_timesteps=720000, mean episode reward=-90.83 +/- 20.55
2025-02-03 18:23:59,313 - learning - INFO - Min episode reward: -131.818808, Max episode reward: -79.238372
2025-02-03 18:23:59,313 - learning - INFO - Episode length: 29.60 +/- 6.71
2025-02-03 18:23:59,313 - learning - INFO - Min episode length: 26, Max episode length: 43
2025-02-03 18:23:59,314 - learning - INFO - New best mean reward!
2025-02-03 18:39:26,934 - learning - INFO - Mean Success rate per episode: 0.00%
2025-02-03 18:39:26,934 - learning - INFO - Mean subgoals success rate per episode: 80.00%
2025-02-03 18:39:26,934 - learning - INFO - Mean episode reward shaping per episode: -133.92
2025-02-03 18:39:26,934 - learning - INFO - Mean episode collision penalty per episode: 0.00
2025-02-03 18:39:26,934 - learning - INFO - Mean episode number of collisions per episode: 0.00
2025-02-03 18:39:26,934 - learning - INFO - Eval num_timesteps=730000, mean episode reward=-133.92 +/- 95.24
2025-02-03 18:39:26,934 - learning - INFO - Min episode reward: -323.057582, Max episode reward: -76.500894
2025-02-03 18:39:26,934 - learning - INFO - Episode length: 42.60 +/- 28.92
2025-02-03 18:39:26,934 - learning - INFO - Min episode length: 25, Max episode length: 100
